#
# There is insufficient memory for the Java Runtime Environment to continue.
# Native memory allocation (malloc) failed to allocate 1048576 bytes for AllocateHeap
# Possible reasons:
#   The system is out of physical RAM or swap space
#   The process is running with CompressedOops enabled, and the Java Heap may be blocking the growth of the native heap
# Possible solutions:
#   Reduce memory load on the system
#   Increase physical memory or swap space
#   Check if swap backing store is full
#   Decrease Java heap size (-Xmx/-Xms)
#   Decrease number of Java threads
#   Decrease Java thread stack sizes (-Xss)
#   Set larger code cache with -XX:ReservedCodeCacheSize=
#   JVM is running with Unscaled Compressed Oops mode in which the Java heap is
#     placed in the first 4GB address space. The Java Heap base address is the
#     maximum limit for the native heap growth. Please use -XX:HeapBaseMinAddress
#     to set the Java Heap base and to place the Java Heap above 4GB virtual address.
# This output file may be truncated or incomplete.
#
#  Out of Memory Error (allocation.cpp:44), pid=15236, tid=9952
#
# JRE version: OpenJDK Runtime Environment Temurin-17.0.10+7 (17.0.10+7) (build 17.0.10+7)
# Java VM: OpenJDK 64-Bit Server VM Temurin-17.0.10+7 (17.0.10+7, mixed mode, emulated-client, tiered, compressed oops, compressed class ptrs, g1 gc, windows-amd64)
# No core dump will be written. Minidumps are not enabled by default on client versions of Windows
#

---------------  S U M M A R Y ------------

Command Line: -XX:+HeapDumpOnOutOfMemoryError -Xmx1024m -Dsts.lsp.client=vscode -Dsts.log.file=/dev/null -XX:TieredStopAtLevel=1 -Xlog:jni+resolve=off -Dspring.config.location=file:c:\Users\Lilith\.vscode\extensions\vmware.vscode-spring-boot-1.52.0\language-server\BOOT-INF\classes\application.properties org.springframework.ide.vscode.boot.app.BootLanguageServerBootApp

Host: Intel(R) Core(TM) i5-2400 CPU @ 3.10GHz, 4 cores, 3G,  Windows 10 , 64 bit Build 19041 (10.0.19041.3636)
Time: Thu Feb 22 13:23:43 2024 Hora estándar romance elapsed time: 918.882811 seconds (0d 0h 15m 18s)

---------------  T H R E A D  ---------------

Current thread (0x000002d0c2dff5e0):  VMThread "VM Thread" [stack: 0x000000fae8c00000,0x000000fae8d00000] [id=9952]

Stack: [0x000000fae8c00000,0x000000fae8d00000]
Native frames: (J=compiled Java code, j=interpreted, Vv=VM code, C=native code)
V  [jvm.dll+0x67d2c9]
V  [jvm.dll+0x834afa]
V  [jvm.dll+0x8365be]
V  [jvm.dll+0x836c23]
V  [jvm.dll+0x2477ff]
V  [jvm.dll+0xa6c93]
V  [jvm.dll+0x2f8663]
V  [jvm.dll+0x2f42e0]
V  [jvm.dll+0x2dc8c7]
V  [jvm.dll+0x31fb87]
V  [jvm.dll+0x83b11b]
V  [jvm.dll+0x83be61]
V  [jvm.dll+0x83c37d]
V  [jvm.dll+0x83c754]
V  [jvm.dll+0x83c820]
V  [jvm.dll+0x7e3fba]
V  [jvm.dll+0x67c1b5]
C  [ucrtbase.dll+0x21bb2]
C  [KERNEL32.DLL+0x17344]
C  [ntdll.dll+0x526b1]

VM_Operation (0x000000fae9efee90): G1CollectFull, mode: safepoint, requested by thread 0x000002d0c808c3e0


---------------  P R O C E S S  ---------------

Threads class SMR info:
_java_thread_list=0x000002d0d1bf2370, length=23, elements={
0x000002d0c2e15740, 0x000002d0c2e165c0, 0x000002d0c2e49fe0, 0x000002d0c2e4b270,
0x000002d0c2e4ed50, 0x000002d0c2e4f710, 0x000002d0c2e508e0, 0x000002d0c2e553d0,
0x000002d0c71cd9f0, 0x000002d0c71e24b0, 0x000002d0c7acd300, 0x000002d0c808c3e0,
0x000002d0c80fbe70, 0x000002d0b88ccf60, 0x000002d0c7b8f160, 0x000002d0c889f950,
0x000002d0c88d5b80, 0x000002d0c88d5670, 0x000002d0c88d2df0, 0x000002d0c88d4230,
0x000002d0c88d4740, 0x000002d0c8ab3090, 0x000002d0c8ab0810
}

Java Threads: ( => current thread )
  0x000002d0c2e15740 JavaThread "Reference Handler" daemon [_thread_blocked, id=8092, stack(0x000000fae8d00000,0x000000fae8e00000)]
  0x000002d0c2e165c0 JavaThread "Finalizer" daemon [_thread_blocked, id=668, stack(0x000000fae8e00000,0x000000fae8f00000)]
  0x000002d0c2e49fe0 JavaThread "Signal Dispatcher" daemon [_thread_blocked, id=8696, stack(0x000000fae8f00000,0x000000fae9000000)]
  0x000002d0c2e4b270 JavaThread "Attach Listener" daemon [_thread_blocked, id=11088, stack(0x000000fae9000000,0x000000fae9100000)]
  0x000002d0c2e4ed50 JavaThread "Service Thread" daemon [_thread_blocked, id=6132, stack(0x000000fae9100000,0x000000fae9200000)]
  0x000002d0c2e4f710 JavaThread "Monitor Deflation Thread" daemon [_thread_blocked, id=17184, stack(0x000000fae9200000,0x000000fae9300000)]
  0x000002d0c2e508e0 JavaThread "C1 CompilerThread0" daemon [_thread_blocked, id=224, stack(0x000000fae9300000,0x000000fae9400000)]
  0x000002d0c2e553d0 JavaThread "Sweeper thread" daemon [_thread_blocked, id=5844, stack(0x000000fae9400000,0x000000fae9500000)]
  0x000002d0c71cd9f0 JavaThread "Notification Thread" daemon [_thread_blocked, id=11780, stack(0x000000fae9600000,0x000000fae9700000)]
  0x000002d0c71e24b0 JavaThread "Common-Cleaner" daemon [_thread_blocked, id=6596, stack(0x000000fae9800000,0x000000fae9900000)]
  0x000002d0c7acd300 JavaThread "boundedElastic-evictor-1" daemon [_thread_blocked, id=16500, stack(0x000000fae9d00000,0x000000fae9e00000)]
  0x000002d0c808c3e0 JavaThread "pool-12-thread-1" [_thread_blocked, id=8832, stack(0x000000fae9e00000,0x000000fae9f00000)]
  0x000002d0c80fbe70 JavaThread "LanguageServerApp-lifecycle" [_thread_blocked, id=6272, stack(0x000000fae9f00000,0x000000faea000000)]
  0x000002d0b88ccf60 JavaThread "DestroyJavaVM" [_thread_blocked, id=9712, stack(0x000000fae8600000,0x000000fae8700000)]
  0x000002d0c7b8f160 JavaThread "pool-13-thread-1" [_thread_in_native, id=2980, stack(0x000000fae9500000,0x000000fae9600000)]
  0x000002d0c889f950 JavaThread "Simple-Language-Server main thread" daemon [_thread_blocked, id=4648, stack(0x000000fae9c00000,0x000000fae9d00000)]
  0x000002d0c88d5b80 JavaThread "parallel-1" daemon [_thread_blocked, id=10948, stack(0x000000faea400000,0x000000faea500000)]
  0x000002d0c88d5670 JavaThread "pool-6-thread-1" [_thread_blocked, id=10184, stack(0x000000faea500000,0x000000faea600000)]
  0x000002d0c88d2df0 JavaThread "parallel-2" daemon [_thread_blocked, id=660, stack(0x000000faea600000,0x000000faea700000)]
  0x000002d0c88d4230 JavaThread "parallel-3" daemon [_thread_blocked, id=5836, stack(0x000000faea700000,0x000000faea800000)]
  0x000002d0c88d4740 JavaThread "parallel-4" daemon [_thread_blocked, id=3644, stack(0x000000faeae00000,0x000000faeaf00000)]
  0x000002d0c8ab3090 JavaThread "Reconciler-1" daemon [_thread_blocked, id=6488, stack(0x000000faeaf00000,0x000000faeb000000)]
  0x000002d0c8ab0810 JavaThread "pool-8-thread-1" [_thread_blocked, id=16224, stack(0x000000fae8500000,0x000000fae8600000)]

Other Threads:
=>0x000002d0c2dff5e0 VMThread "VM Thread" [stack: 0x000000fae8c00000,0x000000fae8d00000] [id=9952]
  0x000002d0c71cded0 WatcherThread [stack: 0x000000fae9700000,0x000000fae9800000] [id=6820]
  0x000002d0b8908f40 GCTaskThread "GC Thread#0" [stack: 0x000000fae8700000,0x000000fae8800000] [id=4576]
  0x000002d0c78454a0 GCTaskThread "GC Thread#1" [stack: 0x000000fae9900000,0x000000fae9a00000] [id=9144]
  0x000002d0c78c4fb0 GCTaskThread "GC Thread#2" [stack: 0x000000fae9a00000,0x000000fae9b00000] [id=14964]
  0x000002d0c7dea800 GCTaskThread "GC Thread#3" [stack: 0x000000fae9b00000,0x000000fae9c00000] [id=9472]
  0x000002d0b8911da0 ConcurrentGCThread "G1 Main Marker" [stack: 0x000000fae8800000,0x000000fae8900000] [id=4188]
  0x000002d0b89127c0 ConcurrentGCThread "G1 Conc#0" [stack: 0x000000fae8900000,0x000000fae8a00000] [id=3868]
  0x000002d0b895e400 ConcurrentGCThread "G1 Refine#0" [stack: 0x000000fae8a00000,0x000000fae8b00000] [id=2688]
  0x000002d0b895ee30 ConcurrentGCThread "G1 Service" [stack: 0x000000fae8b00000,0x000000fae8c00000] [id=7864]

Threads with active compile tasks:

VM state: at safepoint (normal execution)

VM Mutex/Monitor currently owned by a thread:  ([mutex/lock_event])
[0x000002d0b66db000] Threads_lock - owner thread: 0x000002d0c2dff5e0
[0x000002d0b88c8fe0] Heap_lock - owner thread: 0x000002d0c808c3e0

Heap address: 0x00000000c0000000, size: 1024 MB, Compressed Oops mode: 32-bit

CDS archive(s) not mapped
Compressed class space mapped at: 0x0000000100000000-0x0000000140000000, reserved size: 1073741824
Narrow klass base: 0x0000000000000000, Narrow klass shift: 3, Narrow klass range: 0x140000000

GC Precious Log:
 CPUs: 4 total, 4 available
 Memory: 4056M
 Large Page Support: Disabled
 NUMA Support: Disabled
 Compressed Oops: Enabled (32-bit)
 Heap Region Size: 1M
 Heap Min Capacity: 8M
 Heap Initial Capacity: 64M
 Heap Max Capacity: 1G
 Pre-touch: Disabled
 Parallel Workers: 4
 Concurrent Workers: 1
 Concurrent Refinement Workers: 4
 Periodic GC: Disabled

Heap:
 garbage-first heap   total 80896K, used 35542K [0x00000000c0000000, 0x0000000100000000)
  region size 1024K, 1 young (1024K), 0 survivors (0K)
 Metaspace       used 58077K, committed 58560K, reserved 1114112K
  class space    used 7200K, committed 7424K, reserved 1048576K

Heap Regions: E=young(eden), S=young(survivor), O=old, HS=humongous(starts), HC=humongous(continues), CS=collection set, F=free, OA=open archive, CA=closed archive, TAMS=top-at-mark-start (previous, next)
|   0|0x00000000c0000000, 0x00000000c0100000, 0x00000000c0100000|100%|HS|  |TAMS 0x00000000c0100000, 0x00000000c0000000| Untracked 
|   1|0x00000000c0100000, 0x00000000c0200000, 0x00000000c0200000|100%|HC|  |TAMS 0x00000000c0200000, 0x00000000c0100000| Untracked 
|   2|0x00000000c0200000, 0x00000000c0300000, 0x00000000c0300000|100%|HC|  |TAMS 0x00000000c0300000, 0x00000000c0200000| Untracked 
|   3|0x00000000c0300000, 0x00000000c0400000, 0x00000000c0400000|100%|HC|  |TAMS 0x00000000c0400000, 0x00000000c0300000| Untracked 
|   4|0x00000000c0400000, 0x00000000c04fffe8, 0x00000000c0500000| 99%| O|  |TAMS 0x00000000c04fffe8, 0x00000000c0400000| Untracked 
|   5|0x00000000c0500000, 0x00000000c05fffe0, 0x00000000c0600000| 99%| O|  |TAMS 0x00000000c05fffe0, 0x00000000c0500000| Untracked 
|   6|0x00000000c0600000, 0x00000000c0700000, 0x00000000c0700000|100%| O|  |TAMS 0x00000000c0700000, 0x00000000c0600000| Untracked 
|   7|0x00000000c0700000, 0x00000000c0800000, 0x00000000c0800000|100%| O|  |TAMS 0x00000000c0800000, 0x00000000c0700000| Untracked 
|   8|0x00000000c0800000, 0x00000000c0900000, 0x00000000c0900000|100%| O|  |TAMS 0x00000000c0900000, 0x00000000c0800000| Untracked 
|   9|0x00000000c0900000, 0x00000000c0a00000, 0x00000000c0a00000|100%| O|  |TAMS 0x00000000c0a00000, 0x00000000c0900000| Untracked 
|  10|0x00000000c0a00000, 0x00000000c0b00000, 0x00000000c0b00000|100%|HS|  |TAMS 0x00000000c0b00000, 0x00000000c0a00000| Untracked 
|  11|0x00000000c0b00000, 0x00000000c0c00000, 0x00000000c0c00000|100%|HC|  |TAMS 0x00000000c0c00000, 0x00000000c0b00000| Untracked 
|  12|0x00000000c0c00000, 0x00000000c0d00000, 0x00000000c0d00000|100%| O|  |TAMS 0x00000000c0d00000, 0x00000000c0c00000| Untracked 
|  13|0x00000000c0d00000, 0x00000000c0dff4e8, 0x00000000c0e00000| 99%| O|  |TAMS 0x00000000c0dff4e8, 0x00000000c0d00000| Untracked 
|  14|0x00000000c0e00000, 0x00000000c0efffd0, 0x00000000c0f00000| 99%| O|  |TAMS 0x00000000c0efffd0, 0x00000000c0e00000| Untracked 
|  15|0x00000000c0f00000, 0x00000000c0fffff8, 0x00000000c1000000| 99%| O|  |TAMS 0x00000000c0fffff8, 0x00000000c0f00000| Untracked 
|  16|0x00000000c1000000, 0x00000000c1100000, 0x00000000c1100000|100%| O|  |TAMS 0x00000000c1100000, 0x00000000c1000000| Untracked 
|  17|0x00000000c1100000, 0x00000000c11ffff8, 0x00000000c1200000| 99%| O|  |TAMS 0x00000000c11ffff8, 0x00000000c1100000| Untracked 
|  18|0x00000000c1200000, 0x00000000c12fb130, 0x00000000c1300000| 98%| O|  |TAMS 0x00000000c12fb130, 0x00000000c1200000| Untracked 
|  19|0x00000000c1300000, 0x00000000c13ffff0, 0x00000000c1400000| 99%| O|  |TAMS 0x00000000c13ffff0, 0x00000000c1300000| Untracked 
|  20|0x00000000c1400000, 0x00000000c14fffc0, 0x00000000c1500000| 99%| O|  |TAMS 0x00000000c14fffc0, 0x00000000c1400000| Untracked 
|  21|0x00000000c1500000, 0x00000000c1600000, 0x00000000c1600000|100%| O|  |TAMS 0x00000000c1600000, 0x00000000c1500000| Untracked 
|  22|0x00000000c1600000, 0x00000000c16fffb8, 0x00000000c1700000| 99%| O|  |TAMS 0x00000000c16fffb8, 0x00000000c1600000| Untracked 
|  23|0x00000000c1700000, 0x00000000c17fffc8, 0x00000000c1800000| 99%| O|  |TAMS 0x00000000c17fffc8, 0x00000000c1700000| Untracked 
|  24|0x00000000c1800000, 0x00000000c18fd3d0, 0x00000000c1900000| 98%| O|  |TAMS 0x00000000c18fd3d0, 0x00000000c1800000| Untracked 
|  25|0x00000000c1900000, 0x00000000c1a00000, 0x00000000c1a00000|100%| O|  |TAMS 0x00000000c1a00000, 0x00000000c1900000| Untracked 
|  26|0x00000000c1a00000, 0x00000000c1afffd0, 0x00000000c1b00000| 99%| O|  |TAMS 0x00000000c1afffd0, 0x00000000c1a00000| Untracked 
|  27|0x00000000c1b00000, 0x00000000c1bffdb8, 0x00000000c1c00000| 99%| O|  |TAMS 0x00000000c1bffdb8, 0x00000000c1b00000| Untracked 
|  28|0x00000000c1c00000, 0x00000000c1cf8060, 0x00000000c1d00000| 96%| O|  |TAMS 0x00000000c1cf8060, 0x00000000c1c00000| Untracked 
|  29|0x00000000c1d00000, 0x00000000c1e00000, 0x00000000c1e00000|100%|HS|  |TAMS 0x00000000c1e00000, 0x00000000c1d00000| Untracked 
|  30|0x00000000c1e00000, 0x00000000c1efffc8, 0x00000000c1f00000| 99%| O|  |TAMS 0x00000000c1efffc8, 0x00000000c1e00000| Untracked 
|  31|0x00000000c1f00000, 0x00000000c1fedb08, 0x00000000c2000000| 92%| O|  |TAMS 0x00000000c1f00000, 0x00000000c1f00000| Untracked 
|  32|0x00000000c2000000, 0x00000000c20fa8e0, 0x00000000c2100000| 97%| O|  |TAMS 0x00000000c20fa8e0, 0x00000000c2000000| Untracked 
|  33|0x00000000c2100000, 0x00000000c21de058, 0x00000000c2200000| 86%| O|  |TAMS 0x00000000c2100000, 0x00000000c2100000| Untracked 
|  34|0x00000000c2200000, 0x00000000c2200000, 0x00000000c2300000|  0%| F|  |TAMS 0x00000000c2200000, 0x00000000c2200000| Untracked 
|  35|0x00000000c2300000, 0x00000000c2300000, 0x00000000c2400000|  0%| F|  |TAMS 0x00000000c2300000, 0x00000000c2300000| Untracked 
|  36|0x00000000c2400000, 0x00000000c2400000, 0x00000000c2500000|  0%| F|  |TAMS 0x00000000c2400000, 0x00000000c2400000| Untracked 
|  37|0x00000000c2500000, 0x00000000c2500000, 0x00000000c2600000|  0%| F|  |TAMS 0x00000000c2500000, 0x00000000c2500000| Untracked 
|  38|0x00000000c2600000, 0x00000000c2600000, 0x00000000c2700000|  0%| F|  |TAMS 0x00000000c2600000, 0x00000000c2600000| Untracked 
|  39|0x00000000c2700000, 0x00000000c2700000, 0x00000000c2800000|  0%| F|  |TAMS 0x00000000c2700000, 0x00000000c2700000| Untracked 
|  40|0x00000000c2800000, 0x00000000c2800000, 0x00000000c2900000|  0%| F|  |TAMS 0x00000000c2800000, 0x00000000c2800000| Untracked 
|  41|0x00000000c2900000, 0x00000000c2900000, 0x00000000c2a00000|  0%| F|  |TAMS 0x00000000c2900000, 0x00000000c2900000| Untracked 
|  42|0x00000000c2a00000, 0x00000000c2a00000, 0x00000000c2b00000|  0%| F|  |TAMS 0x00000000c2a00000, 0x00000000c2a00000| Untracked 
|  43|0x00000000c2b00000, 0x00000000c2b00000, 0x00000000c2c00000|  0%| F|  |TAMS 0x00000000c2b00000, 0x00000000c2b00000| Untracked 
|  44|0x00000000c2c00000, 0x00000000c2c00000, 0x00000000c2d00000|  0%| F|  |TAMS 0x00000000c2c00000, 0x00000000c2c00000| Untracked 
|  45|0x00000000c2d00000, 0x00000000c2d00000, 0x00000000c2e00000|  0%| F|  |TAMS 0x00000000c2d00000, 0x00000000c2d00000| Untracked 
|  46|0x00000000c2e00000, 0x00000000c2e00000, 0x00000000c2f00000|  0%| F|  |TAMS 0x00000000c2e00000, 0x00000000c2e00000| Untracked 
|  47|0x00000000c2f00000, 0x00000000c2f00000, 0x00000000c3000000|  0%| F|  |TAMS 0x00000000c2f00000, 0x00000000c2f00000| Untracked 
|  48|0x00000000c3000000, 0x00000000c3000000, 0x00000000c3100000|  0%| F|  |TAMS 0x00000000c3000000, 0x00000000c3000000| Untracked 
|  49|0x00000000c3100000, 0x00000000c3100000, 0x00000000c3200000|  0%| F|  |TAMS 0x00000000c3100000, 0x00000000c3100000| Untracked 
|  50|0x00000000c3200000, 0x00000000c3200000, 0x00000000c3300000|  0%| F|  |TAMS 0x00000000c3200000, 0x00000000c3200000| Untracked 
|  51|0x00000000c3300000, 0x00000000c3300000, 0x00000000c3400000|  0%| F|  |TAMS 0x00000000c3300000, 0x00000000c3300000| Untracked 
|  52|0x00000000c3400000, 0x00000000c3400000, 0x00000000c3500000|  0%| F|  |TAMS 0x00000000c3400000, 0x00000000c3400000| Untracked 
|  53|0x00000000c3500000, 0x00000000c3500000, 0x00000000c3600000|  0%| F|  |TAMS 0x00000000c3500000, 0x00000000c3500000| Untracked 
|  54|0x00000000c3600000, 0x00000000c3600000, 0x00000000c3700000|  0%| F|  |TAMS 0x00000000c3600000, 0x00000000c3600000| Untracked 
|  55|0x00000000c3700000, 0x00000000c3700000, 0x00000000c3800000|  0%| F|  |TAMS 0x00000000c3700000, 0x00000000c3700000| Untracked 
|  56|0x00000000c3800000, 0x00000000c3800000, 0x00000000c3900000|  0%| F|  |TAMS 0x00000000c3800000, 0x00000000c3800000| Untracked 
|  57|0x00000000c3900000, 0x00000000c3900000, 0x00000000c3a00000|  0%| F|  |TAMS 0x00000000c3900000, 0x00000000c3900000| Untracked 
|  58|0x00000000c3a00000, 0x00000000c3a00000, 0x00000000c3b00000|  0%| F|  |TAMS 0x00000000c3a00000, 0x00000000c3a00000| Untracked 
|  59|0x00000000c3b00000, 0x00000000c3b00000, 0x00000000c3c00000|  0%| F|  |TAMS 0x00000000c3b00000, 0x00000000c3b00000| Untracked 
|  60|0x00000000c3c00000, 0x00000000c3c00000, 0x00000000c3d00000|  0%| F|  |TAMS 0x00000000c3c00000, 0x00000000c3c00000| Untracked 
|  61|0x00000000c3d00000, 0x00000000c3d00000, 0x00000000c3e00000|  0%| F|  |TAMS 0x00000000c3d00000, 0x00000000c3d00000| Untracked 
|  62|0x00000000c3e00000, 0x00000000c3e00000, 0x00000000c3f00000|  0%| F|  |TAMS 0x00000000c3e00000, 0x00000000c3e00000| Untracked 
|  63|0x00000000c3f00000, 0x00000000c3f00000, 0x00000000c4000000|  0%| F|  |TAMS 0x00000000c3f00000, 0x00000000c3f00000| Untracked 
|  64|0x00000000c4000000, 0x00000000c4000000, 0x00000000c4100000|  0%| F|  |TAMS 0x00000000c4000000, 0x00000000c4000000| Untracked 
|  65|0x00000000c4100000, 0x00000000c4100000, 0x00000000c4200000|  0%| F|  |TAMS 0x00000000c4100000, 0x00000000c4100000| Untracked 
|  66|0x00000000c4200000, 0x00000000c4200000, 0x00000000c4300000|  0%| F|  |TAMS 0x00000000c4200000, 0x00000000c4200000| Untracked 
|  67|0x00000000c4300000, 0x00000000c4300000, 0x00000000c4400000|  0%| F|  |TAMS 0x00000000c4300000, 0x00000000c4300000| Untracked 
|  68|0x00000000c4400000, 0x00000000c4400000, 0x00000000c4500000|  0%| F|  |TAMS 0x00000000c4400000, 0x00000000c4400000| Untracked 
|  69|0x00000000c4500000, 0x00000000c4500000, 0x00000000c4600000|  0%| F|  |TAMS 0x00000000c4500000, 0x00000000c4500000| Untracked 
|  70|0x00000000c4600000, 0x00000000c4600000, 0x00000000c4700000|  0%| F|  |TAMS 0x00000000c4600000, 0x00000000c4600000| Untracked 
|  71|0x00000000c4700000, 0x00000000c4700000, 0x00000000c4800000|  0%| F|  |TAMS 0x00000000c4700000, 0x00000000c4700000| Untracked 
|  72|0x00000000c4800000, 0x00000000c4800000, 0x00000000c4900000|  0%| F|  |TAMS 0x00000000c4800000, 0x00000000c4800000| Untracked 
|  73|0x00000000c4900000, 0x00000000c4900000, 0x00000000c4a00000|  0%| F|  |TAMS 0x00000000c4900000, 0x00000000c4900000| Untracked 
|  74|0x00000000c4a00000, 0x00000000c4a00000, 0x00000000c4b00000|  0%| F|  |TAMS 0x00000000c4a00000, 0x00000000c4a00000| Untracked 
|  75|0x00000000c4b00000, 0x00000000c4b00000, 0x00000000c4c00000|  0%| F|  |TAMS 0x00000000c4b00000, 0x00000000c4b00000| Untracked 
|  76|0x00000000c4c00000, 0x00000000c4c00000, 0x00000000c4d00000|  0%| F|  |TAMS 0x00000000c4c00000, 0x00000000c4c00000| Untracked 
|  77|0x00000000c4d00000, 0x00000000c4e00000, 0x00000000c4e00000|100%| O|  |TAMS 0x00000000c4e00000, 0x00000000c4d00000| Untracked 
|  78|0x00000000c4e00000, 0x00000000c4e16840, 0x00000000c4f00000|  8%| E|  |TAMS 0x00000000c4e00000, 0x00000000c4e00000| Complete 

Card table byte_map: [0x000002d0be560000,0x000002d0be760000] _byte_map_base: 0x000002d0bdf60000

Marking Bits (Prev, Next): (CMBitMap*) 0x000002d0b8909470, (CMBitMap*) 0x000002d0b89094b0
 Prev Bits: [0x000002d0be960000, 0x000002d0bf960000)
 Next Bits: [0x000002d0bf960000, 0x000002d0c0960000)

Polling page: 0x000002d0b68b0000

Metaspace:

Usage:
  Non-class:     49.68 MB used.
      Class:      7.03 MB used.
       Both:     56.72 MB used.

Virtual space:
  Non-class space:       64.00 MB reserved,      49.94 MB ( 78%) committed,  1 nodes.
      Class space:        1.00 GB reserved,       7.25 MB ( <1%) committed,  1 nodes.
             Both:        1.06 GB reserved,      57.19 MB (  5%) committed. 

Chunk freelists:
   Non-Class:  13.74 MB
       Class:  8.76 MB
        Both:  22.50 MB

MaxMetaspaceSize: unlimited
CompressedClassSpaceSize: 1.00 GB
Initial GC threshold: 21.00 MB
Current GC threshold: 95.25 MB
CDS: off
MetaspaceReclaimPolicy: balanced
 - commit_granule_bytes: 65536.
 - commit_granule_words: 8192.
 - virtual_space_node_default_size: 8388608.
 - enlarge_chunks_in_place: 1.
 - new_chunks_are_fully_committed: 0.
 - uncommit_free_chunks: 1.
 - use_allocation_guard: 0.
 - handle_deallocations: 1.


Internal statistics:

num_allocs_failed_limit: 6.
num_arena_births: 660.
num_arena_deaths: 234.
num_vsnodes_births: 2.
num_vsnodes_deaths: 0.
num_space_committed: 915.
num_space_uncommitted: 0.
num_chunks_returned_to_freelist: 279.
num_chunks_taken_from_freelist: 2530.
num_chunk_merges: 94.
num_chunk_splits: 1711.
num_chunks_enlarged: 1310.
num_inconsistent_stats: 0.

CodeCache: size=49152Kb used=10577Kb max_used=11245Kb free=38575Kb
 bounds [0x000002d0bb560000, 0x000002d0bc090000, 0x000002d0be560000]
 total_blobs=6511 nmethods=5836 adapters=599
 compilation: enabled
              stopped_count=0, restarted_count=0
 full_count=0

Compilation events (20 events):
Event: 715.247 Thread 0x000002d0d174da70 5832       1       org.eclipse.jdt.internal.compiler.ast.TypeReference::dimensions (2 bytes)
Event: 715.247 Thread 0x000002d0d174da70 nmethod 5832 0x000002d0bbfab490 code [0x000002d0bbfab620, 0x000002d0bbfab6f8]
Event: 715.248 Thread 0x000002d0d174da70 5833       1       org.eclipse.jdt.core.dom.ASTConverter::lookupScope (253 bytes)
Event: 715.250 Thread 0x000002d0d174da70 nmethod 5833 0x000002d0bbfaa590 code [0x000002d0bbfaa800, 0x000002d0bbfab038]
Event: 732.460 Thread 0x000002d0c2e508e0 5834       1       com.google.common.cache.LocalCache::recordsAccess (5 bytes)
Event: 732.460 Thread 0x000002d0c2e508e0 nmethod 5834 0x000002d0bbfaa290 code [0x000002d0bbfaa420, 0x000002d0bbfaa518]
Event: 732.460 Thread 0x000002d0c2e508e0 5836   !   1       java.time.format.DateTimeFormatterBuilder$CompositePrinterParser::format (116 bytes)
Event: 732.460 Thread 0x000002d0c2e508e0 nmethod 5836 0x000002d0bbfa9c10 code [0x000002d0bbfa9dc0, 0x000002d0bbfaa058]
Event: 732.460 Thread 0x000002d0c2e508e0 5835       1       java.util.AbstractQueue::add (20 bytes)
Event: 732.461 Thread 0x000002d0c2e508e0 nmethod 5835 0x000002d0bbfa9810 code [0x000002d0bbfa99c0, 0x000002d0bbfa9b38]
Event: 732.461 Thread 0x000002d0c2e508e0 5837       1       java.io.StringWriter::<init> (24 bytes)
Event: 732.461 Thread 0x000002d0c2e508e0 nmethod 5837 0x000002d0bbfa9310 code [0x000002d0bbfa94c0, 0x000002d0bbfa9728]
Event: 732.461 Thread 0x000002d0c2e508e0 5838       1       java.io.Writer::<init> (10 bytes)
Event: 732.461 Thread 0x000002d0c2e508e0 nmethod 5838 0x000002d0bbfa9010 code [0x000002d0bbfa91a0, 0x000002d0bbfa92b8]
Event: 732.461 Thread 0x000002d0c2e508e0 5839       1       java.io.StringWriter::toString (8 bytes)
Event: 732.461 Thread 0x000002d0c2e508e0 nmethod 5839 0x000002d0bbfa8d10 code [0x000002d0bbfa8ea0, 0x000002d0bbfa8f88]
Event: 833.801 Thread 0x000002d0c2e508e0 5840       1       java.lang.ProcessImpl::needsEscaping (169 bytes)
Event: 833.803 Thread 0x000002d0c2e508e0 nmethod 5840 0x000002d0bbfa7f90 code [0x000002d0bbfa81e0, 0x000002d0bbfa88e8]
Event: 833.803 Thread 0x000002d0c2e508e0 5841       1       java.lang.ProcessImpl::unQuote (40 bytes)
Event: 833.804 Thread 0x000002d0c2e508e0 nmethod 5841 0x000002d0bbfa7a90 code [0x000002d0bbfa7c40, 0x000002d0bbfa7e08]

GC Heap History (20 events):
Event: 813.492 GC heap before
{Heap before GC invocations=45 (full 23):
 garbage-first heap   total 80896K, used 35542K [0x00000000c0000000, 0x0000000100000000)
  region size 1024K, 1 young (1024K), 0 survivors (0K)
 Metaspace       used 58077K, committed 58560K, reserved 1114112K
  class space    used 7200K, committed 7424K, reserved 1048576K
}
Event: 813.534 GC heap after
{Heap after GC invocations=46 (full 24):
 garbage-first heap   total 80896K, used 35542K [0x00000000c0000000, 0x0000000100000000)
  region size 1024K, 0 young (0K), 0 survivors (0K)
 Metaspace       used 58077K, committed 58560K, reserved 1114112K
  class space    used 7200K, committed 7424K, reserved 1048576K
}
Event: 823.748 GC heap before
{Heap before GC invocations=46 (full 24):
 garbage-first heap   total 80896K, used 35542K [0x00000000c0000000, 0x0000000100000000)
  region size 1024K, 1 young (1024K), 0 survivors (0K)
 Metaspace       used 58077K, committed 58560K, reserved 1114112K
  class space    used 7200K, committed 7424K, reserved 1048576K
}
Event: 823.793 GC heap after
{Heap after GC invocations=47 (full 25):
 garbage-first heap   total 80896K, used 35542K [0x00000000c0000000, 0x0000000100000000)
  region size 1024K, 0 young (0K), 0 survivors (0K)
 Metaspace       used 58077K, committed 58560K, reserved 1114112K
  class space    used 7200K, committed 7424K, reserved 1048576K
}
Event: 834.013 GC heap before
{Heap before GC invocations=47 (full 25):
 garbage-first heap   total 80896K, used 35542K [0x00000000c0000000, 0x0000000100000000)
  region size 1024K, 1 young (1024K), 0 survivors (0K)
 Metaspace       used 58077K, committed 58560K, reserved 1114112K
  class space    used 7200K, committed 7424K, reserved 1048576K
}
Event: 834.061 GC heap after
{Heap after GC invocations=48 (full 26):
 garbage-first heap   total 80896K, used 35542K [0x00000000c0000000, 0x0000000100000000)
  region size 1024K, 0 young (0K), 0 survivors (0K)
 Metaspace       used 58077K, committed 58560K, reserved 1114112K
  class space    used 7200K, committed 7424K, reserved 1048576K
}
Event: 844.342 GC heap before
{Heap before GC invocations=48 (full 26):
 garbage-first heap   total 80896K, used 35542K [0x00000000c0000000, 0x0000000100000000)
  region size 1024K, 1 young (1024K), 0 survivors (0K)
 Metaspace       used 58077K, committed 58560K, reserved 1114112K
  class space    used 7200K, committed 7424K, reserved 1048576K
}
Event: 844.390 GC heap after
{Heap after GC invocations=49 (full 27):
 garbage-first heap   total 80896K, used 35542K [0x00000000c0000000, 0x0000000100000000)
  region size 1024K, 0 young (0K), 0 survivors (0K)
 Metaspace       used 58077K, committed 58560K, reserved 1114112K
  class space    used 7200K, committed 7424K, reserved 1048576K
}
Event: 854.616 GC heap before
{Heap before GC invocations=49 (full 27):
 garbage-first heap   total 80896K, used 35542K [0x00000000c0000000, 0x0000000100000000)
  region size 1024K, 1 young (1024K), 0 survivors (0K)
 Metaspace       used 58077K, committed 58560K, reserved 1114112K
  class space    used 7200K, committed 7424K, reserved 1048576K
}
Event: 854.669 GC heap after
{Heap after GC invocations=50 (full 28):
 garbage-first heap   total 80896K, used 35542K [0x00000000c0000000, 0x0000000100000000)
  region size 1024K, 0 young (0K), 0 survivors (0K)
 Metaspace       used 58077K, committed 58560K, reserved 1114112K
  class space    used 7200K, committed 7424K, reserved 1048576K
}
Event: 864.864 GC heap before
{Heap before GC invocations=50 (full 28):
 garbage-first heap   total 80896K, used 35542K [0x00000000c0000000, 0x0000000100000000)
  region size 1024K, 1 young (1024K), 0 survivors (0K)
 Metaspace       used 58077K, committed 58560K, reserved 1114112K
  class space    used 7200K, committed 7424K, reserved 1048576K
}
Event: 864.911 GC heap after
{Heap after GC invocations=51 (full 29):
 garbage-first heap   total 80896K, used 35542K [0x00000000c0000000, 0x0000000100000000)
  region size 1024K, 0 young (0K), 0 survivors (0K)
 Metaspace       used 58077K, committed 58560K, reserved 1114112K
  class space    used 7200K, committed 7424K, reserved 1048576K
}
Event: 875.209 GC heap before
{Heap before GC invocations=51 (full 29):
 garbage-first heap   total 80896K, used 35542K [0x00000000c0000000, 0x0000000100000000)
  region size 1024K, 1 young (1024K), 0 survivors (0K)
 Metaspace       used 58077K, committed 58560K, reserved 1114112K
  class space    used 7200K, committed 7424K, reserved 1048576K
}
Event: 875.256 GC heap after
{Heap after GC invocations=52 (full 30):
 garbage-first heap   total 80896K, used 35542K [0x00000000c0000000, 0x0000000100000000)
  region size 1024K, 0 young (0K), 0 survivors (0K)
 Metaspace       used 58077K, committed 58560K, reserved 1114112K
  class space    used 7200K, committed 7424K, reserved 1048576K
}
Event: 885.474 GC heap before
{Heap before GC invocations=52 (full 30):
 garbage-first heap   total 80896K, used 35542K [0x00000000c0000000, 0x0000000100000000)
  region size 1024K, 1 young (1024K), 0 survivors (0K)
 Metaspace       used 58077K, committed 58560K, reserved 1114112K
  class space    used 7200K, committed 7424K, reserved 1048576K
}
Event: 885.520 GC heap after
{Heap after GC invocations=53 (full 31):
 garbage-first heap   total 80896K, used 35542K [0x00000000c0000000, 0x0000000100000000)
  region size 1024K, 0 young (0K), 0 survivors (0K)
 Metaspace       used 58077K, committed 58560K, reserved 1114112K
  class space    used 7200K, committed 7424K, reserved 1048576K
}
Event: 895.729 GC heap before
{Heap before GC invocations=53 (full 31):
 garbage-first heap   total 80896K, used 35542K [0x00000000c0000000, 0x0000000100000000)
  region size 1024K, 1 young (1024K), 0 survivors (0K)
 Metaspace       used 58077K, committed 58560K, reserved 1114112K
  class space    used 7200K, committed 7424K, reserved 1048576K
}
Event: 895.782 GC heap after
{Heap after GC invocations=54 (full 32):
 garbage-first heap   total 80896K, used 35542K [0x00000000c0000000, 0x0000000100000000)
  region size 1024K, 0 young (0K), 0 survivors (0K)
 Metaspace       used 58077K, committed 58560K, reserved 1114112K
  class space    used 7200K, committed 7424K, reserved 1048576K
}
Event: 907.517 GC heap before
{Heap before GC invocations=54 (full 32):
 garbage-first heap   total 80896K, used 35542K [0x00000000c0000000, 0x0000000100000000)
  region size 1024K, 1 young (1024K), 0 survivors (0K)
 Metaspace       used 58077K, committed 58560K, reserved 1114112K
  class space    used 7200K, committed 7424K, reserved 1048576K
}
Event: 907.555 GC heap after
{Heap after GC invocations=55 (full 33):
 garbage-first heap   total 80896K, used 35542K [0x00000000c0000000, 0x0000000100000000)
  region size 1024K, 0 young (0K), 0 survivors (0K)
 Metaspace       used 58077K, committed 58560K, reserved 1114112K
  class space    used 7200K, committed 7424K, reserved 1048576K
}

Dll operation events (10 events):
Event: 0.017 Loaded shared library c:\Users\Lilith\.vscode\extensions\redhat.java-1.28.1-win32-x64\jre\17.0.10-win32-x86_64\bin\java.dll
Event: 0.978 Loaded shared library C:\Users\Lilith\.vscode\extensions\redhat.java-1.28.1-win32-x64\jre\17.0.10-win32-x86_64\bin\net.dll
Event: 0.980 Loaded shared library C:\Users\Lilith\.vscode\extensions\redhat.java-1.28.1-win32-x64\jre\17.0.10-win32-x86_64\bin\nio.dll
Event: 0.990 Loaded shared library C:\Users\Lilith\.vscode\extensions\redhat.java-1.28.1-win32-x64\jre\17.0.10-win32-x86_64\bin\zip.dll
Event: 2.976 Loaded shared library C:\Users\Lilith\.vscode\extensions\redhat.java-1.28.1-win32-x64\jre\17.0.10-win32-x86_64\bin\jimage.dll
Event: 8.352 Loaded shared library c:\Users\Lilith\.vscode\extensions\redhat.java-1.28.1-win32-x64\jre\17.0.10-win32-x86_64\bin\verify.dll
Event: 13.219 Loaded shared library C:\Users\Lilith\.vscode\extensions\redhat.java-1.28.1-win32-x64\jre\17.0.10-win32-x86_64\bin\management.dll
Event: 13.228 Loaded shared library C:\Users\Lilith\.vscode\extensions\redhat.java-1.28.1-win32-x64\jre\17.0.10-win32-x86_64\bin\management_ext.dll
Event: 16.873 Loaded shared library C:\Users\Lilith\.vscode\extensions\redhat.java-1.28.1-win32-x64\jre\17.0.10-win32-x86_64\bin\sunmscapi.dll
Event: 17.336 Loaded shared library C:\Users\Lilith\.vscode\extensions\redhat.java-1.28.1-win32-x64\jre\17.0.10-win32-x86_64\bin\extnet.dll

Deoptimization events (10 events):
Event: 15.148 Thread 0x000002d0c7b8f160 DEOPT PACKING pc=0x000002d0bbaa6981 sp=0x000000fae95fdd80
Event: 15.148 Thread 0x000002d0c7b8f160 DEOPT UNPACKING pc=0x000002d0bb5b7143 sp=0x000000fae95fd210 mode 3
Event: 15.196 Thread 0x000002d0c889f950 DEOPT PACKING pc=0x000002d0bba86097 sp=0x000000fae9cfeea0
Event: 15.196 Thread 0x000002d0c889f950 DEOPT UNPACKING pc=0x000002d0bb5b7143 sp=0x000000fae9cfe2f8 mode 3
Event: 17.018 Thread 0x000002d0c8ab1740 DEOPT PACKING pc=0x000002d0bb74130c sp=0x000000faeb0faad0
Event: 17.018 Thread 0x000002d0c8ab1740 DEOPT UNPACKING pc=0x000002d0bb5b7143 sp=0x000000faeb0f9f98 mode 0
Event: 17.448 Thread 0x000002d0c88d5670 DEOPT PACKING pc=0x000002d0bbc2db64 sp=0x000000faea5fa2f0
Event: 17.448 Thread 0x000002d0c88d5670 DEOPT UNPACKING pc=0x000002d0bb5b7143 sp=0x000000faea5f9768 mode 0
Event: 189.480 Thread 0x000002d0c7b8f160 DEOPT PACKING pc=0x000002d0bbb6cdd4 sp=0x000000fae95ff080
Event: 189.480 Thread 0x000002d0c7b8f160 DEOPT UNPACKING pc=0x000002d0bb5b7143 sp=0x000000fae95fe528 mode 0

Classes unloaded (20 events):
Event: 153.997 Thread 0x000002d0c2dff5e0 Unloading class 0x000000010008d800 'java/lang/invoke/LambdaForm$MH+0x000000010008d800'
Event: 153.997 Thread 0x000002d0c2dff5e0 Unloading class 0x000000010008d400 'java/lang/invoke/LambdaForm$MH+0x000000010008d400'
Event: 153.997 Thread 0x000002d0c2dff5e0 Unloading class 0x000000010008cc00 'java/lang/invoke/LambdaForm$MH+0x000000010008cc00'
Event: 153.997 Thread 0x000002d0c2dff5e0 Unloading class 0x000000010008c800 'java/lang/invoke/LambdaForm$MH+0x000000010008c800'
Event: 153.997 Thread 0x000002d0c2dff5e0 Unloading class 0x000000010008c000 'java/lang/invoke/LambdaForm$MH+0x000000010008c000'
Event: 153.997 Thread 0x000002d0c2dff5e0 Unloading class 0x000000010008bc00 'java/lang/invoke/LambdaForm$MH+0x000000010008bc00'
Event: 153.997 Thread 0x000002d0c2dff5e0 Unloading class 0x000000010008ac00 'java/lang/invoke/LambdaForm$MH+0x000000010008ac00'
Event: 153.997 Thread 0x000002d0c2dff5e0 Unloading class 0x000000010008a400 'java/lang/invoke/LambdaForm$MH+0x000000010008a400'
Event: 153.997 Thread 0x000002d0c2dff5e0 Unloading class 0x000000010008a000 'java/lang/invoke/LambdaForm$MH+0x000000010008a000'
Event: 153.997 Thread 0x000002d0c2dff5e0 Unloading class 0x0000000100089c00 'java/lang/invoke/LambdaForm$MH+0x0000000100089c00'
Event: 153.997 Thread 0x000002d0c2dff5e0 Unloading class 0x0000000100089800 'java/lang/invoke/LambdaForm$MH+0x0000000100089800'
Event: 153.997 Thread 0x000002d0c2dff5e0 Unloading class 0x0000000100089400 'java/lang/invoke/LambdaForm$MH+0x0000000100089400'
Event: 153.997 Thread 0x000002d0c2dff5e0 Unloading class 0x0000000100088c00 'java/lang/invoke/LambdaForm$MH+0x0000000100088c00'
Event: 153.997 Thread 0x000002d0c2dff5e0 Unloading class 0x0000000100088400 'java/lang/invoke/LambdaForm$MH+0x0000000100088400'
Event: 769.634 Thread 0x000002d0c2dff5e0 Unloading class 0x00000001003b4800 'java/lang/invoke/LambdaForm$MH+0x00000001003b4800'
Event: 769.634 Thread 0x000002d0c2dff5e0 Unloading class 0x0000000100408000 'java/lang/invoke/LambdaForm$MH+0x0000000100408000'
Event: 769.634 Thread 0x000002d0c2dff5e0 Unloading class 0x0000000100408800 'java/lang/invoke/LambdaForm$MH+0x0000000100408800'
Event: 769.634 Thread 0x000002d0c2dff5e0 Unloading class 0x000000010042c400 'java/lang/invoke/LambdaForm$MH+0x000000010042c400'
Event: 769.634 Thread 0x000002d0c2dff5e0 Unloading class 0x000000010042e000 'java/lang/invoke/LambdaForm$MH+0x000000010042e000'
Event: 769.634 Thread 0x000002d0c2dff5e0 Unloading class 0x0000000100480400 'java/lang/invoke/LambdaForm$MH+0x0000000100480400'

Classes redefined (0 events):
No events

Internal exceptions (20 events):
Event: 19.097 Thread 0x000002d0c88d5670 Exception <a 'sun/nio/fs/WindowsException'{0x00000000c4bd51d0}> (0x00000000c4bd51d0) 
thrown [s\src\hotspot\share\prims\jni.cpp, line 516]
Event: 19.098 Thread 0x000002d0c88d5670 Exception <a 'sun/nio/fs/WindowsException'{0x00000000c4bd5c08}> (0x00000000c4bd5c08) 
thrown [s\src\hotspot\share\prims\jni.cpp, line 516]
Event: 19.098 Thread 0x000002d0c88d5670 Exception <a 'sun/nio/fs/WindowsException'{0x00000000c4bd65f0}> (0x00000000c4bd65f0) 
thrown [s\src\hotspot\share\prims\jni.cpp, line 516]
Event: 19.098 Thread 0x000002d0c88d5670 Exception <a 'sun/nio/fs/WindowsException'{0x00000000c4bd7028}> (0x00000000c4bd7028) 
thrown [s\src\hotspot\share\prims\jni.cpp, line 516]
Event: 19.098 Thread 0x000002d0c88d5670 Exception <a 'sun/nio/fs/WindowsException'{0x00000000c4bd7b28}> (0x00000000c4bd7b28) 
thrown [s\src\hotspot\share\prims\jni.cpp, line 516]
Event: 19.098 Thread 0x000002d0c88d5670 Exception <a 'sun/nio/fs/WindowsException'{0x00000000c4bd86a8}> (0x00000000c4bd86a8) 
thrown [s\src\hotspot\share\prims\jni.cpp, line 516]
Event: 19.099 Thread 0x000002d0c88d5670 Exception <a 'sun/nio/fs/WindowsException'{0x00000000c4bdfa88}> (0x00000000c4bdfa88) 
thrown [s\src\hotspot\share\prims\jni.cpp, line 516]
Event: 19.099 Thread 0x000002d0c88d5670 Exception <a 'sun/nio/fs/WindowsException'{0x00000000c4be04c0}> (0x00000000c4be04c0) 
thrown [s\src\hotspot\share\prims\jni.cpp, line 516]
Event: 19.099 Thread 0x000002d0c88d5670 Exception <a 'sun/nio/fs/WindowsException'{0x00000000c4be0ea8}> (0x00000000c4be0ea8) 
thrown [s\src\hotspot\share\prims\jni.cpp, line 516]
Event: 19.099 Thread 0x000002d0c88d5670 Exception <a 'sun/nio/fs/WindowsException'{0x00000000c4be18e0}> (0x00000000c4be18e0) 
thrown [s\src\hotspot\share\prims\jni.cpp, line 516]
Event: 19.099 Thread 0x000002d0c88d5670 Exception <a 'sun/nio/fs/WindowsException'{0x00000000c4be23e0}> (0x00000000c4be23e0) 
thrown [s\src\hotspot\share\prims\jni.cpp, line 516]
Event: 19.100 Thread 0x000002d0c88d5670 Exception <a 'sun/nio/fs/WindowsException'{0x00000000c4be2f60}> (0x00000000c4be2f60) 
thrown [s\src\hotspot\share\prims\jni.cpp, line 516]
Event: 19.110 Thread 0x000002d0c88d5670 Exception <a 'sun/nio/fs/WindowsException'{0x00000000c4a44100}> (0x00000000c4a44100) 
thrown [s\src\hotspot\share\prims\jni.cpp, line 516]
Event: 143.252 Thread 0x000002d0c808c3e0 Exception <a 'java/lang/NoSuchMethodError'{0x00000000c4a946e8}: 'void java.lang.invoke.DirectMethodHandle$Holder.invokeStatic(java.lang.Object, long)'> (0x00000000c4a946e8) 
thrown [s\src\hotspot\share\interpreter\linkResolver.cpp, line 759]
Event: 143.259 Thread 0x000002d0c808c3e0 Exception <a 'java/lang/NoSuchMethodError'{0x00000000c4a99a98}: 'java.lang.Object java.lang.invoke.DirectMethodHandle$Holder.newInvokeSpecial(java.lang.Object, long)'> (0x00000000c4a99a98) 
thrown [s\src\hotspot\share\interpreter\linkResolver.cpp, line 759]
Event: 318.203 Thread 0x000002d0c8aada80 Exception <a 'java/io/IOException'{0x00000000c4dfbd50}> (0x00000000c4dfbd50) 
thrown [s\src\hotspot\share\prims\jni.cpp, line 516]
Event: 318.601 Thread 0x000002d0c8aadf90 Exception <a 'java/io/IOException'{0x00000000c4c0abf8}> (0x00000000c4c0abf8) 
thrown [s\src\hotspot\share\prims\jni.cpp, line 516]
Event: 319.167 Thread 0x000002d0c8ab0d20 Exception <a 'java/io/IOException'{0x00000000c4c12220}> (0x00000000c4c12220) 
thrown [s\src\hotspot\share\prims\jni.cpp, line 516]
Event: 617.983 Thread 0x000002d0c8ab3090 Exception <a 'java/lang/NoSuchMethodError'{0x00000000c4caca08}: 'java.lang.Object java.lang.invoke.DirectMethodHandle$Holder.newInvokeSpecial(java.lang.Object, java.lang.Object, java.lang.Object, java.lang.Object, java.lang.Object, long)'> (0x00000000c4caca08) 
thrown [s\src\hotspot\share\interpreter\linkResolver.cpp, line 759]
Event: 617.984 Thread 0x000002d0c8ab3090 Exception <a 'java/lang/NoSuchMethodError'{0x00000000c4cb1078}: 'java.lang.Object java.lang.invoke.DirectMethodHandle$Holder.invokeSpecial(java.lang.Object, java.lang.Object, java.lang.Object, java.lang.Object, java.lang.Object, java.lang.Object, long)'> (0x00000000c4cb1078) 
thrown [s\src\hotspot\share\interpreter\linkResolver.cpp, line 759]

VM Operations (20 events):
Event: 813.534 Executing VM operation: G1CollectFull done
Event: 823.748 Executing VM operation: G1CollectFull
Event: 823.793 Executing VM operation: G1CollectFull done
Event: 834.013 Executing VM operation: G1CollectFull
Event: 834.061 Executing VM operation: G1CollectFull done
Event: 844.342 Executing VM operation: G1CollectFull
Event: 844.390 Executing VM operation: G1CollectFull done
Event: 854.616 Executing VM operation: G1CollectFull
Event: 854.669 Executing VM operation: G1CollectFull done
Event: 864.864 Executing VM operation: G1CollectFull
Event: 864.911 Executing VM operation: G1CollectFull done
Event: 875.208 Executing VM operation: G1CollectFull
Event: 875.256 Executing VM operation: G1CollectFull done
Event: 885.474 Executing VM operation: G1CollectFull
Event: 885.520 Executing VM operation: G1CollectFull done
Event: 895.728 Executing VM operation: G1CollectFull
Event: 895.782 Executing VM operation: G1CollectFull done
Event: 907.517 Executing VM operation: G1CollectFull
Event: 907.555 Executing VM operation: G1CollectFull done
Event: 918.873 Executing VM operation: G1CollectFull

Events (20 events):
Event: 619.267 Thread 0x000002d0c86f5430 Thread exited: 0x000002d0c86f5430
Event: 619.765 Thread 0x000002d0c8ab1230 Thread added: 0x000002d0c8ab1230
Event: 625.260 Thread 0x000002d0d1ab6010 Thread exited: 0x000002d0d1ab6010
Event: 650.369 Thread 0x000002d0c8ab3fc0 Thread added: 0x000002d0c8ab3fc0
Event: 679.777 Thread 0x000002d0c8ab0300 Thread exited: 0x000002d0c8ab0300
Event: 679.950 Thread 0x000002d0c8ab2670 Thread exited: 0x000002d0c8ab2670
Event: 679.950 Thread 0x000002d0c8aae9b0 Thread exited: 0x000002d0c8aae9b0
Event: 679.995 Thread 0x000002d0c8ab1230 Thread exited: 0x000002d0c8ab1230
Event: 680.043 Thread 0x000002d0c8ab3ab0 Thread exited: 0x000002d0c8ab3ab0
Event: 680.043 Thread 0x000002d0c8ab0d20 Thread exited: 0x000002d0c8ab0d20
Event: 680.153 Thread 0x000002d0c8aaf3d0 Thread exited: 0x000002d0c8aaf3d0
Event: 680.247 Thread 0x000002d0c8aaeec0 Thread exited: 0x000002d0c8aaeec0
Event: 710.404 Thread 0x000002d0c8ab3fc0 Thread exited: 0x000002d0c8ab3fc0
Event: 715.046 Thread 0x000002d0c8ab2670 Thread added: 0x000002d0c8ab2670
Event: 715.164 Thread 0x000002d0d174da70 Thread added: 0x000002d0d174da70
Event: 719.670 loading class java/util/logging/LogRecord
Event: 719.674 loading class java/util/logging/LogRecord done
Event: 720.262 Thread 0x000002d0d174da70 Thread exited: 0x000002d0d174da70
Event: 775.269 Thread 0x000002d0c8ab2670 Thread exited: 0x000002d0c8ab2670
Event: 792.475 Thread 0x000002d0c8ab1c50 Thread exited: 0x000002d0c8ab1c50


Dynamic libraries:
0x00007ff6c5390000 - 0x00007ff6c539e000 	c:\Users\Lilith\.vscode\extensions\redhat.java-1.28.1-win32-x64\jre\17.0.10-win32-x86_64\bin\java.exe
0x00007ffd0ce50000 - 0x00007ffd0d048000 	C:\Windows\SYSTEM32\ntdll.dll
0x00007ffd0c160000 - 0x00007ffd0c21d000 	C:\Windows\System32\KERNEL32.DLL
0x00007ffd0a770000 - 0x00007ffd0aa66000 	C:\Windows\System32\KERNELBASE.dll
0x00007ffd0ad00000 - 0x00007ffd0ae00000 	C:\Windows\System32\ucrtbase.dll
0x00007ffd05230000 - 0x00007ffd05247000 	c:\Users\Lilith\.vscode\extensions\redhat.java-1.28.1-win32-x64\jre\17.0.10-win32-x86_64\bin\jli.dll
0x00007ffd0cbc0000 - 0x00007ffd0cd5e000 	C:\Windows\System32\USER32.dll
0x00007ffd0ab20000 - 0x00007ffd0ab42000 	C:\Windows\System32\win32u.dll
0x00007ffd0c220000 - 0x00007ffd0c24b000 	C:\Windows\System32\GDI32.dll
0x00007ffd0a650000 - 0x00007ffd0a767000 	C:\Windows\System32\gdi32full.dll
0x00007ffd0a510000 - 0x00007ffd0a5ad000 	C:\Windows\System32\msvcp_win.dll
0x00007ffd04c60000 - 0x00007ffd04c7b000 	c:\Users\Lilith\.vscode\extensions\redhat.java-1.28.1-win32-x64\jre\17.0.10-win32-x86_64\bin\VCRUNTIME140.dll
0x00007ffd01420000 - 0x00007ffd016ba000 	C:\Windows\WinSxS\amd64_microsoft.windows.common-controls_6595b64144ccf1df_6.0.19041.3636_none_60b6a03d71f818d5\COMCTL32.dll
0x00007ffd0c400000 - 0x00007ffd0c49e000 	C:\Windows\System32\msvcrt.dll
0x00007ffd0b190000 - 0x00007ffd0b1c2000 	C:\Windows\System32\IMM32.DLL
0x00007ffd05d00000 - 0x00007ffd05d0c000 	c:\Users\Lilith\.vscode\extensions\redhat.java-1.28.1-win32-x64\jre\17.0.10-win32-x86_64\bin\vcruntime140_1.dll
0x00007ffce48e0000 - 0x00007ffce496d000 	c:\Users\Lilith\.vscode\extensions\redhat.java-1.28.1-win32-x64\jre\17.0.10-win32-x86_64\bin\msvcp140.dll
0x00007ffcd72c0000 - 0x00007ffcd7f22000 	c:\Users\Lilith\.vscode\extensions\redhat.java-1.28.1-win32-x64\jre\17.0.10-win32-x86_64\bin\server\jvm.dll
0x00007ffd0bb60000 - 0x00007ffd0bc13000 	C:\Windows\System32\ADVAPI32.dll
0x00007ffd0b1d0000 - 0x00007ffd0b26f000 	C:\Windows\System32\sechost.dll
0x00007ffd0b060000 - 0x00007ffd0b186000 	C:\Windows\System32\RPCRT4.dll
0x00007ffd0a620000 - 0x00007ffd0a647000 	C:\Windows\System32\bcrypt.dll
0x00007ffd09ab0000 - 0x00007ffd09afb000 	C:\Windows\SYSTEM32\POWRPROF.dll
0x00007ffd05830000 - 0x00007ffd05839000 	C:\Windows\SYSTEM32\WSOCK32.dll
0x00007ffd0ae90000 - 0x00007ffd0aefb000 	C:\Windows\System32\WS2_32.dll
0x00007ffcef490000 - 0x00007ffcef4b7000 	C:\Windows\SYSTEM32\WINMM.dll
0x00007ffd040c0000 - 0x00007ffd040ca000 	C:\Windows\SYSTEM32\VERSION.dll
0x00007ffd09920000 - 0x00007ffd09932000 	C:\Windows\SYSTEM32\UMPDC.dll
0x00007ffd083e0000 - 0x00007ffd083f2000 	C:\Windows\SYSTEM32\kernel.appcore.dll
0x00007ffd05330000 - 0x00007ffd0533a000 	c:\Users\Lilith\.vscode\extensions\redhat.java-1.28.1-win32-x64\jre\17.0.10-win32-x86_64\bin\jimage.dll
0x00007ffd03270000 - 0x00007ffd03454000 	C:\Windows\SYSTEM32\DBGHELP.DLL
0x00007ffd02fd0000 - 0x00007ffd03004000 	C:\Windows\SYSTEM32\dbgcore.DLL
0x00007ffd0ae00000 - 0x00007ffd0ae82000 	C:\Windows\System32\bcryptPrimitives.dll
0x00007ffcf38c0000 - 0x00007ffcf38e5000 	c:\Users\Lilith\.vscode\extensions\redhat.java-1.28.1-win32-x64\jre\17.0.10-win32-x86_64\bin\java.dll
0x00007ffd023c0000 - 0x00007ffd023d8000 	c:\Users\Lilith\.vscode\extensions\redhat.java-1.28.1-win32-x64\jre\17.0.10-win32-x86_64\bin\zip.dll
0x00007ffd0b410000 - 0x00007ffd0bb55000 	C:\Windows\System32\SHELL32.dll
0x00007ffd085e0000 - 0x00007ffd08d7c000 	C:\Windows\SYSTEM32\windows.storage.dll
0x00007ffd0bc40000 - 0x00007ffd0bf94000 	C:\Windows\System32\combase.dll
0x00007ffd09f40000 - 0x00007ffd09f6e000 	C:\Windows\SYSTEM32\Wldp.dll
0x00007ffd0af90000 - 0x00007ffd0b05d000 	C:\Windows\System32\OLEAUT32.dll
0x00007ffd0b280000 - 0x00007ffd0b32d000 	C:\Windows\System32\SHCORE.dll
0x00007ffd0c100000 - 0x00007ffd0c155000 	C:\Windows\System32\shlwapi.dll
0x00007ffd0a440000 - 0x00007ffd0a465000 	C:\Windows\SYSTEM32\profapi.dll
0x00007ffd04680000 - 0x00007ffd04699000 	C:\Users\Lilith\.vscode\extensions\redhat.java-1.28.1-win32-x64\jre\17.0.10-win32-x86_64\bin\net.dll
0x00007ffd03650000 - 0x00007ffd0375a000 	C:\Windows\SYSTEM32\WINHTTP.dll
0x00007ffd09ca0000 - 0x00007ffd09d0a000 	C:\Windows\system32\mswsock.dll
0x00007ffd01ba0000 - 0x00007ffd01bb6000 	C:\Users\Lilith\.vscode\extensions\redhat.java-1.28.1-win32-x64\jre\17.0.10-win32-x86_64\bin\nio.dll
0x00007ffd04160000 - 0x00007ffd04170000 	c:\Users\Lilith\.vscode\extensions\redhat.java-1.28.1-win32-x64\jre\17.0.10-win32-x86_64\bin\verify.dll
0x00007ffd09ea0000 - 0x00007ffd09eb8000 	C:\Windows\SYSTEM32\CRYPTSP.dll
0x00007ffd09560000 - 0x00007ffd09594000 	C:\Windows\system32\rsaenh.dll
0x00007ffd0a3c0000 - 0x00007ffd0a3ee000 	C:\Windows\SYSTEM32\USERENV.dll
0x00007ffd09e90000 - 0x00007ffd09e9c000 	C:\Windows\SYSTEM32\CRYPTBASE.dll
0x00007ffd09940000 - 0x00007ffd0997b000 	C:\Windows\SYSTEM32\IPHLPAPI.DLL
0x00007ffd0c080000 - 0x00007ffd0c088000 	C:\Windows\System32\NSI.dll
0x00007ffd04c20000 - 0x00007ffd04c37000 	C:\Windows\SYSTEM32\dhcpcsvc6.DLL
0x00007ffd04bc0000 - 0x00007ffd04bdd000 	C:\Windows\SYSTEM32\dhcpcsvc.DLL
0x00007ffd09990000 - 0x00007ffd09a5b000 	C:\Windows\SYSTEM32\DNSAPI.dll
0x00007ffd02f40000 - 0x00007ffd02f49000 	C:\Users\Lilith\.vscode\extensions\redhat.java-1.28.1-win32-x64\jre\17.0.10-win32-x86_64\bin\management.dll
0x00007ffd017b0000 - 0x00007ffd017bb000 	C:\Users\Lilith\.vscode\extensions\redhat.java-1.28.1-win32-x64\jre\17.0.10-win32-x86_64\bin\management_ext.dll
0x00007ffd0b270000 - 0x00007ffd0b278000 	C:\Windows\System32\PSAPI.DLL
0x00007ffd05d10000 - 0x00007ffd05d1e000 	C:\Users\Lilith\.vscode\extensions\redhat.java-1.28.1-win32-x64\jre\17.0.10-win32-x86_64\bin\sunmscapi.dll
0x00007ffd0ab50000 - 0x00007ffd0acad000 	C:\Windows\System32\CRYPT32.dll
0x00007ffd09fb0000 - 0x00007ffd09fd8000 	C:\Windows\SYSTEM32\ncrypt.dll
0x00007ffd09f70000 - 0x00007ffd09fab000 	C:\Windows\SYSTEM32\NTASN1.dll
0x00007ffd00d80000 - 0x00007ffd00d8a000 	C:\Windows\System32\rasadhlp.dll
0x00007ffd00ce0000 - 0x00007ffd00d60000 	C:\Windows\System32\fwpuclnt.dll
0x00007ffd01780000 - 0x00007ffd01789000 	C:\Users\Lilith\.vscode\extensions\redhat.java-1.28.1-win32-x64\jre\17.0.10-win32-x86_64\bin\extnet.dll

dbghelp: loaded successfully - version: 4.0.5 - missing functions: none
symbol engine: initialized successfully - sym options: 0x614 - pdb path: .;c:\Users\Lilith\.vscode\extensions\redhat.java-1.28.1-win32-x64\jre\17.0.10-win32-x86_64\bin;C:\Windows\SYSTEM32;C:\Windows\WinSxS\amd64_microsoft.windows.common-controls_6595b64144ccf1df_6.0.19041.3636_none_60b6a03d71f818d5;c:\Users\Lilith\.vscode\extensions\redhat.java-1.28.1-win32-x64\jre\17.0.10-win32-x86_64\bin\server

VM Arguments:
jvm_args: -XX:+HeapDumpOnOutOfMemoryError -Xmx1024m -Dsts.lsp.client=vscode -Dsts.log.file=/dev/null -XX:TieredStopAtLevel=1 -Xlog:jni+resolve=off -Dspring.config.location=file:c:\Users\Lilith\.vscode\extensions\vmware.vscode-spring-boot-1.52.0\language-server\BOOT-INF\classes\application.properties 
java_command: org.springframework.ide.vscode.boot.app.BootLanguageServerBootApp
java_class_path (initial): c:\Users\Lilith\.vscode\extensions\vmware.vscode-spring-boot-1.52.0\language-server\BOOT-INF\classes;c:\Users\Lilith\.vscode\extensions\vmware.vscode-spring-boot-1.52.0\language-server\BOOT-INF\lib\annotations-24.1.0.jar;c:\Users\Lilith\.vscode\extensions\vmware.vscode-spring-boot-1.52.0\language-server\BOOT-INF\lib\antlr4-runtime-4.11.1.jar;c:\Users\Lilith\.vscode\extensions\vmware.vscode-spring-boot-1.52.0\language-server\BOOT-INF\lib\asm-9.6.jar;c:\Users\Lilith\.vscode\extensions\vmware.vscode-spring-boot-1.52.0\language-server\BOOT-INF\lib\asm-analysis-9.6.jar;c:\Users\Lilith\.vscode\extensions\vmware.vscode-spring-boot-1.52.0\language-server\BOOT-INF\lib\asm-tree-9.6.jar;c:\Users\Lilith\.vscode\extensions\vmware.vscode-spring-boot-1.52.0\language-server\BOOT-INF\lib\asm-util-9.6.jar;c:\Users\Lilith\.vscode\extensions\vmware.vscode-spring-boot-1.52.0\language-server\BOOT-INF\lib\caffeine-3.1.8.jar;c:\Users\Lilith\.vscode\extensions\vmware.vscode-spring-boot-1.52.0\language-server\BOOT-INF\lib\checker-qual-3.12.0.jar;c:\Users\Lilith\.vscode\extensions\vmware.vscode-spring-boot-1.52.0\language-server\BOOT-INF\lib\classgraph-4.8.149.jar;c:\Users\Lilith\.vscode\extensions\vmware.vscode-spring-boot-1.52.0\language-server\BOOT-INF\lib\commons-codec-1.16.0.jar;c:\Users\Lilith\.vscode\extensions\vmware.vscode-spring-boot-1.52.0\language-server\BOOT-INF\lib\commons-compress-1.25.0.jar;c:\Users\Lilith\.vscode\extensions\vmware.vscode-spring-boot-1.52.0\language-server\BOOT-INF\lib\commons-io-2.4.jar;c:\Users\Lilith\.vscode\extensions\vmware.vscode-spring-boot-1.52.0\language-server\BOOT-INF\lib\commons-java-1.52.0-SNAPSHOT.jar;c:\Users\Lilith\.vscode\extensions\vmware.vscode-spring-boot-1.52.0\language-server\BOOT-INF\lib\commons-lang3-3.13.0.jar;c:\Users\Lilith\.vscode\extensions\vmware.vscode-spring-boot-1.52.0\language-server\BOOT-INF\lib\commons-language-server-1.52.0-SNAPSHOT.jar;c:\Users\Lilith\.vscode\extensions\vmware.vscode-spring-boo
Launcher Type: SUN_STANDARD

[Global flags]
     intx CICompilerCount                          = 3                                         {product} {ergonomic}
     uint ConcGCThreads                            = 1                                         {product} {ergonomic}
     uint G1ConcRefinementThreads                  = 4                                         {product} {ergonomic}
   size_t G1HeapRegionSize                         = 1048576                                   {product} {ergonomic}
    uintx GCDrainStackTargetSize                   = 64                                        {product} {ergonomic}
     bool HeapDumpOnOutOfMemoryError               = true                                   {manageable} {command line}
   size_t InitialHeapSize                          = 67108864                                  {product} {ergonomic}
   size_t MarkStackSize                            = 4194304                                   {product} {ergonomic}
   size_t MaxHeapSize                              = 1073741824                                {product} {command line}
   size_t MaxNewSize                               = 643825664                                 {product} {ergonomic}
   size_t MinHeapDeltaBytes                        = 1048576                                   {product} {ergonomic}
   size_t MinHeapSize                              = 8388608                                   {product} {ergonomic}
    uintx NonProfiledCodeHeapSize                  = 0                                      {pd product} {ergonomic}
     bool ProfileInterpreter                       = false                                  {pd product} {command line}
    uintx ProfiledCodeHeapSize                     = 0                                      {pd product} {ergonomic}
   size_t SoftMaxHeapSize                          = 1073741824                             {manageable} {ergonomic}
     intx TieredStopAtLevel                        = 1                                         {product} {command line}
     bool UseCompressedClassPointers               = true                           {product lp64_product} {ergonomic}
     bool UseCompressedOops                        = true                           {product lp64_product} {ergonomic}
     bool UseG1GC                                  = true                                      {product} {ergonomic}
     bool UseLargePagesIndividualAllocation        = false                                  {pd product} {ergonomic}

Logging:
Log output configuration:
 #0: stdout all=warning,jni+resolve=off uptime,level,tags
 #1: stderr all=off uptime,level,tags

Environment Variables:
JAVA_HOME=C:\Program Files\Java\jdk-21
PATH=C:\Program Files\Common Files\Oracle\Java\javapath;C:\Python311\Scripts\;C:\Python311\;C:\Windows\system32;C:\Windows;C:\Windows\System32\Wbem;C:\Windows\System32\WindowsPowerShell\v1.0\;C:\Windows\System32\OpenSSH\;C:\Program Files\nodejs\;C:\ProgramData\chocolatey\bin;C:\Program Files (x86)\Git\cmd;C:\Program Files\Docker\Docker\resources\bin;C:\Users\Lilith\AppData\Local\Microsoft\WindowsApps;C:\Users\Lilith\AppData\Local\Programs\Microsoft VS Code\bin;C:\Users\Lilith\AppData\Roaming\npm;C:\Program Files\Java\jdk-21\bin;C:\apache-maven\bin;
USERNAME=Lilith
OS=Windows_NT
PROCESSOR_IDENTIFIER=Intel64 Family 6 Model 42 Stepping 7, GenuineIntel
TMP=C:\Users\Lilith\AppData\Local\Temp
TEMP=C:\Users\Lilith\AppData\Local\Temp



Periodic native trim disabled


---------------  S Y S T E M  ---------------

OS:
 Windows 10 , 64 bit Build 19041 (10.0.19041.3636)
OS uptime: 8 days 13:55 hours

CPU: total 4 (initial active 4) (4 cores per cpu, 1 threads per core) family 6 model 42 stepping 7 microcode 0x2f, cx8, cmov, fxsr, mmx, sse, sse2, sse3, ssse3, sse4.1, sse4.2, popcnt, tsc, tscinvbit, avx, aes, clmul, vzeroupper, clflush
Processor Information for all 4 processors :
  Max Mhz: 3101, Current Mhz: 3101, Mhz Limit: 3101

Memory: 4k page, system-wide physical 4056M (138M free)
TotalPageFile size 16344M (AvailPageFile size 3M)
current process WorkingSet (physical memory assigned to process): 61M, peak: 206M
current process commit charge ("private bytes"): 233M, peak: 239M

vm_info: OpenJDK 64-Bit Server VM (17.0.10+7) for windows-amd64 JRE (17.0.10+7), built on Jan 16 2024 23:25:11 by "admin" with MS VC++ 16.10 / 16.11 (VS2019)

END.
